This is pdfTeX, Version 3.1415926-2.4-1.40.13 (TeX Live 2012/Debian) (format=pdflatex 2013.6.4)  13 JUN 2014 09:34
entering extended mode
 restricted \write18 enabled.
 %&-line parsing enabled.
**Jiansen.tex
(./Jiansen.tex
LaTeX2e <2011/06/27>
Babel <v3.8m> and hyphenation patterns for english, dumylang, nohyphenation, et
hiopic, farsi, arabic, pinyin, croatian, bulgarian, ukrainian, russian, slovak,
 czech, danish, dutch, usenglishmax, ukenglish, finnish, french, basque, ngerma
n, german, swissgerman, ngerman-x-2012-05-30, german-x-2012-05-30, monogreek, g
reek, ibycus, ancientgreek, hungarian, bengali, tamil, hindi, telugu, gujarati,
 sanskrit, malayalam, kannada, assamese, marathi, oriya, panjabi, italian, lati
n, latvian, lithuanian, mongolian, mongolianlmc, nynorsk, bokmal, indonesian, e
speranto, coptic, welsh, irish, interlingua, serbian, serbianc, slovenian, friu
lan, romansh, estonian, romanian, armenian, uppersorbian, turkish, afrikaans, i
celandic, kurmanji, polish, portuguese, galician, catalan, spanish, swedish, th
ai, loaded.
(./csthesis.cls
Document Class: csthesis 1995/11/08 v2.0 Computer Science Thesis Class - MXR
(/usr/share/texlive/texmf-dist/tex/latex/base/ifthen.sty
Package: ifthen 2001/05/26 v1.1c Standard LaTeX ifthen package (DPC)
)
(/usr/share/texlive/texmf-dist/tex/latex/vmargin/vmargin.sty
Package: vmargin 2004/07/15 V2.5 set document margins (VK)

Package: vmargin 2004/07/15 V2.5 set document margins (VK)
\PaperWidth=\dimen102
\PaperHeight=\dimen103
) (/usr/share/texlive/texmf-dist/tex/latex/base/report.cls
Document Class: report 2007/10/19 v1.4h Standard LaTeX document class
(/usr/share/texlive/texmf-dist/tex/latex/base/size12.clo
File: size12.clo 2007/10/19 v1.4h Standard LaTeX file (size option)
)
\c@part=\count79
\c@chapter=\count80
\c@section=\count81
\c@subsection=\count82
\c@subsubsection=\count83
\c@paragraph=\count84
\c@subparagraph=\count85
\c@figure=\count86
\c@table=\count87
\abovecaptionskip=\skip41
\belowcaptionskip=\skip42
\bibindent=\dimen104
))
(/usr/share/texlive/texmf-dist/tex/latex/comment/comment.sty
\CommentStream=\write3

Excluding comment 'comment')
(/usr/share/texlive/texmf-dist/tex/latex/natbib/natbib.sty
Package: natbib 2010/09/13 8.31b (PWD, AO)
\bibhang=\skip43
\bibsep=\skip44
LaTeX Info: Redefining \cite on input line 694.
\c@NAT@ctr=\count88
)
(/usr/share/texlive/texmf-dist/tex/latex/caption/caption.sty
Package: caption 2012/02/19 v3.2f Customizing captions (AR)

(/usr/share/texlive/texmf-dist/tex/latex/caption/caption3.sty
Package: caption3 2012/01/12 v1.4b caption3 kernel (AR)

(/usr/share/texlive/texmf-dist/tex/latex/graphics/keyval.sty
Package: keyval 1999/03/16 v1.13 key=value parser (DPC)
\KV@toks@=\toks14
)
\captionmargin=\dimen105
\captionmargin@=\dimen106
\captionwidth=\dimen107
\caption@indent=\dimen108
\caption@parindent=\dimen109
\caption@hangindent=\dimen110
)
\c@ContinuedFloat=\count89
)
(/usr/share/texlive/texmf-dist/tex/latex/graphics/graphicx.sty
Package: graphicx 1999/02/16 v1.0f Enhanced LaTeX Graphics (DPC,SPQR)

(/usr/share/texlive/texmf-dist/tex/latex/graphics/graphics.sty
Package: graphics 2009/02/05 v1.0o Standard LaTeX Graphics (DPC,SPQR)

(/usr/share/texlive/texmf-dist/tex/latex/graphics/trig.sty
Package: trig 1999/03/16 v1.09 sin cos tan (DPC)
)
(/usr/share/texlive/texmf-dist/tex/latex/latexconfig/graphics.cfg
File: graphics.cfg 2010/04/23 v1.9 graphics configuration of TeX Live
)
Package graphics Info: Driver file: pdftex.def on input line 91.

(/usr/share/texlive/texmf-dist/tex/latex/pdftex-def/pdftex.def
File: pdftex.def 2011/05/27 v0.06d Graphics/color for pdfTeX

(/usr/share/texlive/texmf-dist/tex/generic/oberdiek/infwarerr.sty
Package: infwarerr 2010/04/08 v1.3 Providing info/warning/error messages (HO)
)
(/usr/share/texlive/texmf-dist/tex/generic/oberdiek/ltxcmds.sty
Package: ltxcmds 2011/11/09 v1.22 LaTeX kernel commands for general use (HO)
)
\Gread@gobject=\count90
))
\Gin@req@height=\dimen111
\Gin@req@width=\dimen112
)
(/usr/share/texlive/texmf-dist/tex/latex/changepage/changepage.sty
Package: changepage 2009/10/20 v1.0c check page and change page layout
\c@cp@cntr=\count91
\cp@tempcnt=\count92
)
(/usr/share/texlive/texmf-dist/tex/latex/url/url.sty
\Urlmuskip=\muskip10
Package: url 2006/04/12  ver 3.3  Verb mode for urls, etc.
)
(/usr/share/texlive/texmf-dist/tex/latex/subfig/subfig.sty
Package: subfig 2005/06/28 ver: 1.3 subfig package
\c@KVtest=\count93
\sf@farskip=\skip45
\sf@captopadj=\dimen113
\sf@capskip=\skip46
\sf@nearskip=\skip47
\c@subfigure=\count94
\c@subfigure@save=\count95
\c@lofdepth=\count96
\c@subtable=\count97
\c@subtable@save=\count98
\c@lotdepth=\count99
\sf@top=\skip48
\sf@bottom=\skip49
)
(/usr/share/texlive/texmf-dist/tex/latex/paralist/paralist.sty
Package: paralist 2002/03/18 v2.3b Extended list environments (BS)
\pltopsep=\skip50
\plpartopsep=\skip51
\plitemsep=\skip52
\plparsep=\skip53
\pl@lab=\toks15
)
(/usr/share/texlive/texmf-dist/tex/latex/hyperref/hyperref.sty
Package: hyperref 2012/05/13 v6.82q Hypertext links for LaTeX

(/usr/share/texlive/texmf-dist/tex/generic/oberdiek/hobsub-hyperref.sty
Package: hobsub-hyperref 2012/05/28 v1.13 Bundle oberdiek, subset hyperref (HO)


(/usr/share/texlive/texmf-dist/tex/generic/oberdiek/hobsub-generic.sty
Package: hobsub-generic 2012/05/28 v1.13 Bundle oberdiek, subset generic (HO)
Package: hobsub 2012/05/28 v1.13 Construct package bundles (HO)
Package hobsub Info: Skipping package `infwarerr' (already loaded).
Package hobsub Info: Skipping package `ltxcmds' (already loaded).
Package: ifluatex 2010/03/01 v1.3 Provides the ifluatex switch (HO)
Package ifluatex Info: LuaTeX not detected.
Package: ifvtex 2010/03/01 v1.5 Detect VTeX and its facilities (HO)
Package ifvtex Info: VTeX not detected.
Package: intcalc 2007/09/27 v1.1 Expandable calculations with integers (HO)
Package: ifpdf 2011/01/30 v2.3 Provides the ifpdf switch (HO)
Package ifpdf Info: pdfTeX in PDF mode is detected.
Package: etexcmds 2011/02/16 v1.5 Avoid name clashes with e-TeX commands (HO)
Package etexcmds Info: Could not find \expanded.
(etexcmds)             That can mean that you are not using pdfTeX 1.50 or
(etexcmds)             that some package has redefined \expanded.
(etexcmds)             In the latter case, load this package earlier.
Package: kvsetkeys 2012/04/25 v1.16 Key value parser (HO)
Package: kvdefinekeys 2011/04/07 v1.3 Define keys (HO)
Package: pdftexcmds 2011/11/29 v0.20 Utility functions of pdfTeX for LuaTeX (HO
)
Package pdftexcmds Info: LuaTeX not detected.
Package pdftexcmds Info: \pdf@primitive is available.
Package pdftexcmds Info: \pdf@ifprimitive is available.
Package pdftexcmds Info: \pdfdraftmode found.
Package: pdfescape 2011/11/25 v1.13 Implements pdfTeX's escape features (HO)
Package: bigintcalc 2012/04/08 v1.3 Expandable calculations on big integers (HO
)
Package: bitset 2011/01/30 v1.1 Handle bit-vector datatype (HO)
Package: uniquecounter 2011/01/30 v1.2 Provide unlimited unique counter (HO)
)
Package hobsub Info: Skipping package `hobsub' (already loaded).
Package: letltxmacro 2010/09/02 v1.4 Let assignment for LaTeX macros (HO)
Package: hopatch 2012/05/28 v1.2 Wrapper for package hooks (HO)
Package: xcolor-patch 2011/01/30 xcolor patch
Package: atveryend 2011/06/30 v1.8 Hooks at the very end of document (HO)
Package atveryend Info: \enddocument detected (standard20110627).
Package: atbegshi 2011/10/05 v1.16 At begin shipout hook (HO)
Package: refcount 2011/10/16 v3.4 Data extraction from label references (HO)
Package: hycolor 2011/01/30 v1.7 Color options for hyperref/bookmark (HO)
)
(/usr/share/texlive/texmf-dist/tex/generic/ifxetex/ifxetex.sty
Package: ifxetex 2010/09/12 v0.6 Provides ifxetex conditional
)
(/usr/share/texlive/texmf-dist/tex/latex/oberdiek/kvoptions.sty
Package: kvoptions 2011/06/30 v3.11 Key value format for package options (HO)
)
\@linkdim=\dimen114
\Hy@linkcounter=\count100
\Hy@pagecounter=\count101

(/usr/share/texlive/texmf-dist/tex/latex/hyperref/pd1enc.def
File: pd1enc.def 2012/05/13 v6.82q Hyperref: PDFDocEncoding definition (HO)
)
\Hy@SavedSpaceFactor=\count102

(/usr/share/texlive/texmf-dist/tex/latex/latexconfig/hyperref.cfg
File: hyperref.cfg 2002/06/06 v1.2 hyperref configuration of TeXLive
)
Package hyperref Info: Option `pdfpagelabels' set `true' on input line 3941.
Package hyperref Info: Hyper figures OFF on input line 4062.
Package hyperref Info: Link nesting OFF on input line 4067.
Package hyperref Info: Hyper index ON on input line 4070.
Package hyperref Info: Plain pages OFF on input line 4077.
Package hyperref Info: Backreferencing OFF on input line 4082.
Package hyperref Info: Implicit mode ON; LaTeX internals redefined.
Package hyperref Info: Bookmarks ON on input line 4300.
\c@Hy@tempcnt=\count103
LaTeX Info: Redefining \url on input line 4653.
\Fld@menulength=\count104
\Field@Width=\dimen115
\Fld@charsize=\dimen116
Package hyperref Info: Hyper figures OFF on input line 5773.
Package hyperref Info: Link nesting OFF on input line 5778.
Package hyperref Info: Hyper index ON on input line 5781.
Package hyperref Info: backreferencing OFF on input line 5788.
Package hyperref Info: Link coloring OFF on input line 5793.
Package hyperref Info: Link coloring with OCG OFF on input line 5798.
Package hyperref Info: PDF/A mode OFF on input line 5803.
LaTeX Info: Redefining \ref on input line 5843.
LaTeX Info: Redefining \pageref on input line 5847.
\Hy@abspage=\count105
\c@Item=\count106
\c@Hfootnote=\count107
)

Package hyperref Message: Driver (autodetected): hpdftex.

(/usr/share/texlive/texmf-dist/tex/latex/hyperref/hpdftex.def
File: hpdftex.def 2012/05/13 v6.82q Hyperref driver for pdfTeX
\Fld@listcount=\count108
\c@bookmark@seq@number=\count109

(/usr/share/texlive/texmf-dist/tex/latex/oberdiek/rerunfilecheck.sty
Package: rerunfilecheck 2011/04/15 v1.7 Rerun checks for auxiliary files (HO)
Package uniquecounter Info: New unique counter `rerunfilecheck' on input line 2
82.
)
\Hy@SectionHShift=\skip54
)
(/usr/share/texlive/texmf-dist/tex/latex/oberdiek/hypcap.sty
Package: hypcap 2011/02/16 v1.11 Adjusting the anchors of captions (HO)
)
(/usr/share/texlive/texmf-dist/tex/latex/tools/verbatim.sty
Package: verbatim 2003/08/22 v1.5q LaTeX2e package for verbatim enhancements
\every@verbatim=\toks16
\verbatim@line=\toks17
\verbatim@in@stream=\read1
)
(/usr/share/texlive/texmf-dist/tex/latex/tools/array.sty
Package: array 2008/09/09 v2.4c Tabular extension package (FMi)
\col@sep=\dimen117
\extrarowheight=\dimen118
\NC@list=\toks18
\extratabsurround=\skip55
\backup@length=\skip56
)
(/usr/share/texlive/texmf-dist/tex/latex/float/float.sty
Package: float 2001/11/08 v1.3d Float enhancements (AL)
\c@float@type=\count110
\float@exts=\toks19
\float@box=\box26
\@float@everytoks=\toks20
\@floatcapt=\box27
)
(/usr/share/texlive/texmf-dist/tex/latex/multirow/multirow.sty
\bigstrutjot=\dimen119
)
(/usr/share/texlive/texmf-dist/tex/latex/rotating/rotating.sty
Package: rotating 2009/03/28 v2.16a rotated objects in LaTeX
\c@r@tfl@t=\count111
\rotFPtop=\skip57
\rotFPbot=\skip58
\rot@float@box=\box28
\rot@mess@toks=\toks21
)
(/usr/share/texlive/texmf-dist/tex/latex/tools/multicol.sty
Package: multicol 2011/06/27 v1.7a multicolumn formatting (FMi)
\c@tracingmulticols=\count112
\mult@box=\box29
\multicol@leftmargin=\dimen120
\c@unbalance=\count113
\c@collectmore=\count114
\doublecol@number=\count115
\multicoltolerance=\count116
\multicolpretolerance=\count117
\full@width=\dimen121
\page@free=\dimen122
\premulticols=\dimen123
\postmulticols=\dimen124
\multicolsep=\skip59
\multicolbaselineskip=\skip60
\partial@page=\box30
\last@line=\box31
\mult@rightbox=\box32
\mult@grightbox=\box33
\mult@gfirstbox=\box34
\mult@firstbox=\box35
\@tempa=\box36
\@tempa=\box37
\@tempa=\box38
\@tempa=\box39
\@tempa=\box40
\@tempa=\box41
\@tempa=\box42
\@tempa=\box43
\@tempa=\box44
\@tempa=\box45
\@tempa=\box46
\@tempa=\box47
\@tempa=\box48
\@tempa=\box49
\@tempa=\box50
\@tempa=\box51
\@tempa=\box52
\c@columnbadness=\count118
\c@finalcolumnbadness=\count119
\last@try=\dimen125
\multicolovershoot=\dimen126
\multicolundershoot=\dimen127
\mult@nat@firstbox=\box53
\colbreak@box=\box54
\multicol@sort@counter=\count120
)
(/usr/share/texlive/texmf-dist/tex/latex/tools/longtable.sty
Package: longtable 2004/02/01 v4.11 Multi-page Table package (DPC)
\LTleft=\skip61
\LTright=\skip62
\LTpre=\skip63
\LTpost=\skip64
\LTchunksize=\count121
\LTcapwidth=\dimen128
\LT@head=\box55
\LT@firsthead=\box56
\LT@foot=\box57
\LT@lastfoot=\box58
\LT@cols=\count122
\LT@rows=\count123
\c@LT@tables=\count124
\c@LT@chunks=\count125
\LT@p@ftn=\toks22
)
(/usr/share/texlive/texmf-dist/tex/latex/amsmath/amsmath.sty
Package: amsmath 2000/07/18 v2.13 AMS math features
\@mathmargin=\skip65

For additional information on amsmath, use the `?' option.
(/usr/share/texlive/texmf-dist/tex/latex/amsmath/amstext.sty
Package: amstext 2000/06/29 v2.01

(/usr/share/texlive/texmf-dist/tex/latex/amsmath/amsgen.sty
File: amsgen.sty 1999/11/30 v2.0
\@emptytoks=\toks23
\ex@=\dimen129
))
(/usr/share/texlive/texmf-dist/tex/latex/amsmath/amsbsy.sty
Package: amsbsy 1999/11/29 v1.2d
\pmbraise@=\dimen130
)
(/usr/share/texlive/texmf-dist/tex/latex/amsmath/amsopn.sty
Package: amsopn 1999/12/14 v2.01 operator names
)
\inf@bad=\count126
LaTeX Info: Redefining \frac on input line 211.
\uproot@=\count127
\leftroot@=\count128
LaTeX Info: Redefining \overline on input line 307.
\classnum@=\count129
\DOTSCASE@=\count130
LaTeX Info: Redefining \ldots on input line 379.
LaTeX Info: Redefining \dots on input line 382.
LaTeX Info: Redefining \cdots on input line 467.
\Mathstrutbox@=\box59
\strutbox@=\box60
\big@size=\dimen131
LaTeX Font Info:    Redeclaring font encoding OML on input line 567.
LaTeX Font Info:    Redeclaring font encoding OMS on input line 568.
\macc@depth=\count131
\c@MaxMatrixCols=\count132
\dotsspace@=\muskip11
\c@parentequation=\count133
\dspbrk@lvl=\count134
\tag@help=\toks24
\row@=\count135
\column@=\count136
\maxfields@=\count137
\andhelp@=\toks25
\eqnshift@=\dimen132
\alignsep@=\dimen133
\tagshift@=\dimen134
\tagwidth@=\dimen135
\totwidth@=\dimen136
\lineht@=\dimen137
\@envbody=\toks26
\multlinegap=\skip66
\multlinetaggap=\skip67
\mathdisplay@stack=\toks27
LaTeX Info: Redefining \[ on input line 2666.
LaTeX Info: Redefining \] on input line 2667.
)
(/usr/share/texlive/texmf-dist/tex/latex/listings/listings.sty
\lst@mode=\count138
\lst@gtempboxa=\box61
\lst@token=\toks28
\lst@length=\count139
\lst@currlwidth=\dimen138
\lst@column=\count140
\lst@pos=\count141
\lst@lostspace=\dimen139
\lst@width=\dimen140
\lst@newlines=\count142
\lst@lineno=\count143
\lst@maxwidth=\dimen141

(/usr/share/texlive/texmf-dist/tex/latex/listings/lstmisc.sty
File: lstmisc.sty 2007/02/22 1.4 (Carsten Heinz)
\c@lstnumber=\count144
\lst@skipnumbers=\count145
\lst@framebox=\box62
)
(/usr/share/texlive/texmf-dist/tex/latex/listings/listings.cfg
File: listings.cfg 2007/02/22 1.4 listings configuration
))
Package: listings 2007/02/22 1.4 (Carsten Heinz)

(/usr/share/texlive/texmf-dist/tex/latex/pxfonts/pxfonts.sty
Package: pxfonts 2008/01/22 v1.1.1
LaTeX Font Info:    Redeclaring symbol font `operators' on input line 21.
LaTeX Font Info:    Overwriting symbol font `operators' in version `normal'
(Font)                  OT1/cmr/m/n --> OT1/pxr/m/n on input line 21.
LaTeX Font Info:    Overwriting symbol font `operators' in version `bold'
(Font)                  OT1/cmr/bx/n --> OT1/pxr/m/n on input line 21.
LaTeX Font Info:    Overwriting symbol font `operators' in version `bold'
(Font)                  OT1/pxr/m/n --> OT1/pxr/bx/n on input line 22.
\symitalic=\mathgroup4
LaTeX Font Info:    Overwriting symbol font `italic' in version `bold'
(Font)                  OT1/pxr/m/it --> OT1/pxr/bx/it on input line 26.
LaTeX Font Info:    Redeclaring math alphabet \mathbf on input line 29.
LaTeX Font Info:    Overwriting math alphabet `\mathbf' in version `normal'
(Font)                  OT1/cmr/bx/n --> OT1/pxr/bx/n on input line 29.
LaTeX Font Info:    Overwriting math alphabet `\mathbf' in version `bold'
(Font)                  OT1/cmr/bx/n --> OT1/pxr/bx/n on input line 29.
LaTeX Font Info:    Redeclaring math alphabet \mathit on input line 30.
LaTeX Font Info:    Overwriting math alphabet `\mathit' in version `normal'
(Font)                  OT1/cmr/m/it --> OT1/pxr/m/it on input line 30.
LaTeX Font Info:    Overwriting math alphabet `\mathit' in version `bold'
(Font)                  OT1/cmr/bx/it --> OT1/pxr/m/it on input line 30.
LaTeX Font Info:    Overwriting math alphabet `\mathit' in version `bold'
(Font)                  OT1/pxr/m/it --> OT1/pxr/bx/it on input line 31.
LaTeX Font Info:    Redeclaring math alphabet \mathsf on input line 40.
LaTeX Font Info:    Overwriting math alphabet `\mathsf' in version `normal'
(Font)                  OT1/cmss/m/n --> OT1/pxss/m/n on input line 40.
LaTeX Font Info:    Overwriting math alphabet `\mathsf' in version `bold'
(Font)                  OT1/cmss/bx/n --> OT1/pxss/m/n on input line 40.
LaTeX Font Info:    Overwriting math alphabet `\mathsf' in version `bold'
(Font)                  OT1/pxss/m/n --> OT1/pxss/b/n on input line 41.
LaTeX Font Info:    Redeclaring math alphabet \mathtt on input line 50.
LaTeX Font Info:    Overwriting math alphabet `\mathtt' in version `normal'
(Font)                  OT1/cmtt/m/n --> OT1/pxtt/m/n on input line 50.
LaTeX Font Info:    Overwriting math alphabet `\mathtt' in version `bold'
(Font)                  OT1/cmtt/m/n --> OT1/pxtt/m/n on input line 50.
LaTeX Font Info:    Overwriting math alphabet `\mathtt' in version `bold'
(Font)                  OT1/pxtt/m/n --> OT1/pxtt/b/n on input line 51.
LaTeX Font Info:    Redeclaring symbol font `letters' on input line 58.
LaTeX Font Info:    Overwriting symbol font `letters' in version `normal'
(Font)                  OML/cmm/m/it --> OML/pxmi/m/it on input line 58.
LaTeX Font Info:    Overwriting symbol font `letters' in version `bold'
(Font)                  OML/cmm/b/it --> OML/pxmi/m/it on input line 58.
LaTeX Font Info:    Overwriting symbol font `letters' in version `bold'
(Font)                  OML/pxmi/m/it --> OML/pxmi/bx/it on input line 59.
\symlettersA=\mathgroup5
LaTeX Font Info:    Overwriting symbol font `lettersA' in version `bold'
(Font)                  U/pxmia/m/it --> U/pxmia/bx/it on input line 67.
LaTeX Font Info:    Redeclaring symbol font `symbols' on input line 77.
LaTeX Font Info:    Overwriting symbol font `symbols' in version `normal'
(Font)                  OMS/cmsy/m/n --> OMS/pxsy/m/n on input line 77.
LaTeX Font Info:    Overwriting symbol font `symbols' in version `bold'
(Font)                  OMS/cmsy/b/n --> OMS/pxsy/m/n on input line 77.
LaTeX Font Info:    Overwriting symbol font `symbols' in version `bold'
(Font)                  OMS/pxsy/m/n --> OMS/pxsy/bx/n on input line 78.
\symAMSa=\mathgroup6
LaTeX Font Info:    Overwriting symbol font `AMSa' in version `bold'
(Font)                  U/pxsya/m/n --> U/pxsya/bx/n on input line 94.
\symAMSb=\mathgroup7
LaTeX Font Info:    Overwriting symbol font `AMSb' in version `bold'
(Font)                  U/pxsyb/m/n --> U/pxsyb/bx/n on input line 103.
\symsymbolsC=\mathgroup8
LaTeX Font Info:    Overwriting symbol font `symbolsC' in version `bold'
(Font)                  U/pxsyc/m/n --> U/pxsyc/bx/n on input line 113.
LaTeX Font Info:    Redeclaring symbol font `largesymbols' on input line 120.
LaTeX Font Info:    Overwriting symbol font `largesymbols' in version `normal'
(Font)                  OMX/cmex/m/n --> OMX/pxex/m/n on input line 120.
LaTeX Font Info:    Overwriting symbol font `largesymbols' in version `bold'
(Font)                  OMX/cmex/m/n --> OMX/pxex/m/n on input line 120.
LaTeX Font Info:    Overwriting symbol font `largesymbols' in version `bold'
(Font)                  OMX/pxex/m/n --> OMX/pxex/bx/n on input line 121.
\symlargesymbolsA=\mathgroup9
LaTeX Font Info:    Overwriting symbol font `largesymbolsA' in version `bold'
(Font)                  U/pxexa/m/n --> U/pxexa/bx/n on input line 129.
LaTeX Info: Redefining \not on input line 997.
)
(/usr/share/texlive/texmf-dist/tex/latex/graphics/color.sty
Package: color 2005/11/14 v1.0j Standard LaTeX Color (DPC)

(/usr/share/texlive/texmf-dist/tex/latex/latexconfig/color.cfg
File: color.cfg 2007/01/18 v1.5 color configuration of teTeX/TeXLive
)
Package color Info: Driver file: pdftex.def on input line 130.
)
Package color Info: Redefining color blue on input line 54.
 (./Jiansen.aux

LaTeX Warning: Label `fig:1q' multiply defined.


LaTeX Warning: Label `sub@fig:1q' multiply defined.


LaTeX Warning: Label `fig:1r' multiply defined.


LaTeX Warning: Label `sub@fig:1r' multiply defined.


LaTeX Warning: Label `fig:1s' multiply defined.


LaTeX Warning: Label `sub@fig:1s' multiply defined.


LaTeX Warning: Label `fig:1t' multiply defined.


LaTeX Warning: Label `sub@fig:1t' multiply defined.


LaTeX Warning: Label `fig:1u' multiply defined.


LaTeX Warning: Label `sub@fig:1u' multiply defined.


LaTeX Warning: Label `fig:1v' multiply defined.


LaTeX Warning: Label `sub@fig:1v' multiply defined.


LaTeX Warning: Label `fig:1q' multiply defined.


LaTeX Warning: Label `sub@fig:1q' multiply defined.


LaTeX Warning: Label `fig:1r' multiply defined.


LaTeX Warning: Label `sub@fig:1r' multiply defined.

)
\openout1 = `Jiansen.aux'.

LaTeX Font Info:    Checking defaults for OML/pxmi/m/it on input line 96.
LaTeX Font Info:    Try loading font information for OML+pxmi on input line 96.

 (/usr/share/texlive/texmf-dist/tex/latex/pxfonts/omlpxmi.fd
File: omlpxmi.fd 2000/12/14 v1.0
)
LaTeX Font Info:    ... okay on input line 96.
LaTeX Font Info:    Checking defaults for T1/cmr/m/n on input line 96.
LaTeX Font Info:    ... okay on input line 96.
LaTeX Font Info:    Checking defaults for OT1/cmr/m/n on input line 96.
LaTeX Font Info:    ... okay on input line 96.
LaTeX Font Info:    Checking defaults for OMS/pxsy/m/n on input line 96.
LaTeX Font Info:    Try loading font information for OMS+pxsy on input line 96.


(/usr/share/texlive/texmf-dist/tex/latex/pxfonts/omspxsy.fd
File: omspxsy.fd 2000/12/14 v1.0
)
LaTeX Font Info:    ... okay on input line 96.
LaTeX Font Info:    Checking defaults for OMX/pxex/m/n on input line 96.
LaTeX Font Info:    Try loading font information for OMX+pxex on input line 96.


(/usr/share/texlive/texmf-dist/tex/latex/pxfonts/omxpxex.fd
File: omxpxex.fd 2000/12/14 v1.0
)
LaTeX Font Info:    ... okay on input line 96.
LaTeX Font Info:    Checking defaults for U/pxexa/m/n on input line 96.
LaTeX Font Info:    Try loading font information for U+pxexa on input line 96.

(/usr/share/texlive/texmf-dist/tex/latex/pxfonts/upxexa.fd
File: upxexa.fd 2000/12/14 v1.0
)
LaTeX Font Info:    ... okay on input line 96.
LaTeX Font Info:    Checking defaults for PD1/pdf/m/n on input line 96.
LaTeX Font Info:    ... okay on input line 96.
LaTeX Font Info:    Try loading font information for OT1+pxr on input line 96.

(/usr/share/texlive/texmf-dist/tex/latex/pxfonts/ot1pxr.fd
File: ot1pxr.fd 2000/12/14 v1.0
)
Package caption Info: Begin \AtBeginDocument code.
Package caption Info: subfig package v1.3 is loaded.
Package caption Info: float package is loaded.
Package caption Info: hyperref package is loaded.
Package caption Info: hypcap package is loaded.
Package caption Info: listings package is loaded.
Package caption Info: longtable package is loaded.

(/usr/share/texlive/texmf-dist/tex/latex/caption/ltcaption.sty
Package: ltcaption 2011/09/12 v1.3 longtable captions (AR)
)
Package caption Info: rotating package is loaded.
Package caption Info: End \AtBeginDocument code.

(/usr/share/texlive/texmf-dist/tex/context/base/supp-pdf.mkii
[Loading MPS to PDF converter (version 2006.09.02).]
\scratchcounter=\count146
\scratchdimen=\dimen142
\scratchbox=\box63
\nofMPsegments=\count147
\nofMParguments=\count148
\everyMPshowfont=\toks29
\MPscratchCnt=\count149
\MPscratchDim=\dimen143
\MPnumerator=\count150
\makeMPintoPDFobject=\count151
\everyMPtoPDFconversion=\toks30
) (/usr/share/texlive/texmf-dist/tex/latex/oberdiek/epstopdf-base.sty
Package: epstopdf-base 2010/02/09 v2.5 Base part for package epstopdf

(/usr/share/texlive/texmf-dist/tex/latex/oberdiek/grfext.sty
Package: grfext 2010/08/19 v1.1 Manage graphics extensions (HO)
)
Package grfext Info: Graphics extension search list:
(grfext)             [.png,.pdf,.jpg,.mps,.jpeg,.jbig2,.jb2,.PNG,.PDF,.JPG,.JPE
G,.JBIG2,.JB2,.eps]
(grfext)             \AppendGraphicsExtensions on input line 452.

(/usr/share/texlive/texmf-dist/tex/latex/latexconfig/epstopdf-sys.cfg
File: epstopdf-sys.cfg 2010/07/13 v1.3 Configuration of (r)epstopdf for TeX Liv
e
))
\AtBeginShipoutBox=\box64
Package hyperref Info: Link coloring OFF on input line 96.

(/usr/share/texlive/texmf-dist/tex/latex/hyperref/nameref.sty
Package: nameref 2010/04/30 v2.40 Cross-referencing by name of section

(/usr/share/texlive/texmf-dist/tex/generic/oberdiek/gettitlestring.sty
Package: gettitlestring 2010/12/03 v1.4 Cleanup title references (HO)
)
\c@section@level=\count152
)
LaTeX Info: Redefining \ref on input line 96.
LaTeX Info: Redefining \pageref on input line 96.
LaTeX Info: Redefining \nameref on input line 96.

(./Jiansen.out) (./Jiansen.out)
\@outlinefile=\write4
\openout4 = `Jiansen.out'.

\c@lstlisting=\count153
 [1

{/var/lib/texmf/fonts/map/pdftex/updmap/pdftex.map}]pdfTeX warning (ext4): dest
ination with the same identifier (name{page.1}) has been already used, duplicat
e ignored
<to be read again> 
                   \relax 
l.135 \standarddeclaration
                           [1

]pdfTeX warning (ext4): destination with the same identifier (name{page.1}) has
 been already used, duplicate ignored
<to be read again> 
                   \relax 
l.135 \standarddeclaration
                           [1] (./Jiansen.toc
LaTeX Font Info:    Try loading font information for U+pxmia on input line 4.

(/usr/share/texlive/texmf-dist/tex/latex/pxfonts/upxmia.fd
File: upxmia.fd 2000/12/14 v1.0
)
LaTeX Font Info:    Try loading font information for U+pxsya on input line 4.

(/usr/share/texlive/texmf-dist/tex/latex/pxfonts/upxsya.fd
File: upxsya.fd 2000/12/14 v1.0
)
LaTeX Font Info:    Try loading font information for U+pxsyb on input line 4.

(/usr/share/texlive/texmf-dist/tex/latex/pxfonts/upxsyb.fd
File: utxsyb.fd 2000/12/14 v1.0
)
LaTeX Font Info:    Try loading font information for U+pxsyc on input line 4.

(/usr/share/texlive/texmf-dist/tex/latex/pxfonts/upxsyc.fd
File: upxsyc.fd 2000/12/14 v1.0
)pdfTeX warning (ext4): destination with the same identifier (name{page.1}) has
 been already used, duplicate ignored
<to be read again> 
                   \relax 
l.77 ...line {5.2}Expressiveness}{80}{section.5.2}
                                                   [1

])
\tf@toc=\write5
\openout5 = `Jiansen.toc'.

 [2]pdfTeX warning (ext4): destination with the same identifier (name{page.1}) 
has been already used, duplicate ignored
<to be read again> 
                   \relax 
l.158 \end{abstract}
                     [1] (./Introduction.tex
Chapter 1.

Overfull \hbox (6.97829pt too wide) in paragraph at lines 40--45
\OT1/pxr/m/n/12 pro-gram-ming lan-guages to con-struct re-li-able and main-tain
-able pro-grams. Typed
 []

pdfTeX warning (ext4): destination with the same identifier (name{page.1}) has 
been already used, duplicate ignored
<to be read again> 
                   \relax 
l.45 
      [1

]pdfTeX warning (ext4): destination with the same identifier (name{page.2}) has
 been already used, duplicate ignored
<to be read again> 
                   \relax 
l.86 
      [2]
LaTeX Font Info:    Try loading font information for OMS+pxr on input line 132.

 (/usr/share/texlive/texmf-dist/tex/latex/pxfonts/omspxr.fd
File: omspxr.fd 2000/12/14 v1.0
)
LaTeX Font Info:    Font shape `OMS/pxr/m/n' in size <12> not available
(Font)              Font shape `OMS/pxsy/m/n' tried instead on input line 132.
 [3])
(./MPhilBackground.tex [4]
Chapter 2.
[5

] [6]
Missing character: There is no â in font pxr!
Missing character: There is no € in font pxr!
Missing character: There is no ™ in font pxr!
 [7]
LaTeX Font Info:    Try loading font information for OT1+pxtt on input line 134
.
 (/usr/share/texlive/texmf-dist/tex/latex/pxfonts/ot1pxtt.fd
File: ot1pxtt.fd 2000/12/14 v1.0
)
Overfull \hbox (11.56487pt too wide) in paragraph at lines 169--185
[][] 
 []


LaTeX Warning: `h' float specifier changed to `ht'.

[8] [9]
LaTeX Font Info:    Font shape `OT1/pxtt/bx/n' in size <10.95> not available
(Font)              Font shape `OT1/pxtt/b/n' tried instead on input line 896.

Overfull \hbox (27.80476pt too wide) in paragraph at lines 921--922
[][][][][][][][][][][][][][][][][][][][][][][]  
 []

[10] [11] [12] [13] [14] [15]

LaTeX Warning: `h' float specifier changed to `ht'.

[16] [17]

LaTeX Warning: Float too large for page by 6.1052pt on input line 1389.

[18] [19]
Overfull \hbox (19.46269pt too wide) in paragraph at lines 1459--1471
\OT1/pxr/m/n/12 The Akka li-brary im-ple-ments two su-per-vi-sor strate-gies: \
OT1/pxtt/m/n/12 OneForOne \OT1/pxr/m/n/12 and \OT1/pxtt/m/n/12 AllForOne\OT1/px
r/m/n/12 .
 []


LaTeX Warning: `h' float specifier changed to `ht'.

[20]

LaTeX Warning: Float too large for page by 19.7052pt on input line 1576.

[21] [22] [23] [24] [25]

LaTeX Warning: Float too large for page by 2.92004pt on input line 1995.

[26] [27] [28]) (./TAkkaDesign.tex [29]
Chapter 3.
[30

] [31] [32] [33] [34] [35] [36] [37]
Overfull \hbox (5.55223pt too wide) in paragraph at lines 482--496
[]\OT1/pxr/m/n/12 An ac-tor cre-ates a child ac-tor us-ing the \OT1/pxtt/m/n/12
 actorOf \OT1/pxr/m/n/12 method or the \OT1/pxtt/m/n/12 remoteActorOf
 []

[38] [39]
Overfull \hbox (22.44807pt too wide) in paragraph at lines 517--527
\OT1/pxtt/m/n/12 receiveTimeout \OT1/pxr/m/n/12 method are the same as the Akka
 ver-sion. The \OT1/pxtt/m/n/12 setReceiveTimeout
 []

[40]
Overfull \hbox (13.31236pt too wide) in paragraph at lines 652--653
[][][][][]\OT1/pxtt/m/n/10.95 [Operation][][][][][][][][][][][][][][][][][][][]
[][][][][][][][][][][]  
 []


LaTeX Warning: Float too large for page by 6.1052pt on input line 667.

[41] [42] [43] [44] [45] [46] [47]

LaTeX Warning: `h' float specifier changed to `ht'.


Overfull \hbox (3.16728pt too wide) in paragraph at lines 949--950
[][][][][][][][][][][][][][][][][][][][][][][][][][][]  
 []


Overfull \hbox (21.52473pt too wide) in paragraph at lines 961--962
[][][][][][][][][][][][][][][][][][][][][][][][][][][][][][][][][][]  
 []


Overfull \hbox (37.65968pt too wide) in paragraph at lines 965--966
[][][][][][][][][][][][][][][][][][][][][][][][][][][][][]  
 []


LaTeX Warning: Float too large for page by 6.1052pt on input line 981.


Overfull \hbox (15.776pt too wide) in paragraph at lines 995--996
[][][][][][][][][][][][][][][][][][][][][][][][][][][][][][][][]  
 []


Overfull \hbox (58.19006pt too wide) in paragraph at lines 999--1000
[][][][][][][][][][][][][][][][][][][][][][][][][][][][][][][][][][]  
 []


Overfull \hbox (18.77094pt too wide) in paragraph at lines 1015--1016
[][][][][][][][][][][][][][][][][][][][][][][][][][]  
 []

[48] [49] [50] [51] [52]

LaTeX Warning: Float too large for page by 6.1052pt on input line 1225.

[53] [54] [55] [56] [57]
Overfull \hbox (11.80814pt too wide) in paragraph at lines 1400--1413
\OT1/pxtt/m/n/12 /advancedCalculator \OT1/pxr/m/n/12 shall be phys-i-cally cre-
ated by the \OT1/pxtt/m/n/12 CalculatorApplication
 []


Overfull \hbox (12.02003pt too wide) in paragraph at lines 1400--1413
\OT1/pxr/m/n/12 it-self is lo-cated at ad-dress \OT1/pxtt/m/n/12 129.215.91.195
:2554\OT1/pxr/m/n/12 . In this ex-am-ple, \OT1/pxtt/m/n/12 129.215.91.88
 []

[58]
Overfull \hbox (26.16148pt too wide) in paragraph at lines 1552--1553
[][][][][][][][][][][][][][][][][][][][][][][][]  
 []


LaTeX Warning: Float too large for page by 60.50522pt on input line 1592.


Overfull \hbox (40.9446pt too wide) in paragraph at lines 1619--1621
[][][][][][][][][][][][][][][][][][][][][][][][][][][][][][][][][][][][][][]  
 []


LaTeX Warning: Float too large for page by 46.90521pt on input line 1648.

[59] [60] [61] [62] [63]
Overfull \hbox (8.92714pt too wide) in paragraph at lines 1692--1701
 []\OT1/pxr/bx/n/12 Akka Typed Ac-tor[] \OT1/pxr/m/n/12 In the Akka li-brary, t
here is a spe-cial class called \OT1/pxtt/m/n/12 TypedActor\OT1/pxr/m/n/12 ,
 []


Overfull \hbox (12.20111pt too wide) in paragraph at lines 1741--1742
[][][][][][][][][][][][][][][][][]  
 []


Overfull \hbox (27.80476pt too wide) in paragraph at lines 1746--1748
[][][][][][][][][][][][][][][][][][][][][][][]  
 []


LaTeX Warning: Float too large for page by 6.1052pt on input line 1764.

[64] [65]) (./TAkkaEvolution.tex [66]
Chapter 4.
[67

] [68]) (./TAkkaEvaluation.tex [69]
Chapter 5.
[70

] <TicTacToeScreenCut/0.png, id=2070, 522.95375pt x 252.945pt>
File: TicTacToeScreenCut/0.png Graphic file (type png)

<use TicTacToeScreenCut/0.png>
Package pdftex.def Info: TicTacToeScreenCut/0.png used on input line 86.
(pdftex.def)             Requested size: 198.72449pt x 96.12009pt.

<TicTacToeScreenCut/1.png, id=2072, 522.95375pt x 252.945pt>
File: TicTacToeScreenCut/1.png Graphic file (type png)

<use TicTacToeScreenCut/1.png>
Package pdftex.def Info: TicTacToeScreenCut/1.png used on input line 90.
(pdftex.def)             Requested size: 198.72449pt x 96.12009pt.

<TicTacToeScreenCut/2.png, id=2073, 522.95375pt x 252.945pt>
File: TicTacToeScreenCut/2.png Graphic file (type png)

<use TicTacToeScreenCut/2.png>
Package pdftex.def Info: TicTacToeScreenCut/2.png used on input line 94.
(pdftex.def)             Requested size: 198.72449pt x 96.12009pt.

<TicTacToeScreenCut/3.png, id=2074, 522.95375pt x 252.945pt>
File: TicTacToeScreenCut/3.png Graphic file (type png)

<use TicTacToeScreenCut/3.png>
Package pdftex.def Info: TicTacToeScreenCut/3.png used on input line 98.
(pdftex.def)             Requested size: 198.72449pt x 96.12009pt.

<TicTacToeScreenCut/4.png, id=2075, 522.95375pt x 252.945pt>
File: TicTacToeScreenCut/4.png Graphic file (type png)

<use TicTacToeScreenCut/4.png>
Package pdftex.def Info: TicTacToeScreenCut/4.png used on input line 102.
(pdftex.def)             Requested size: 198.72449pt x 96.12009pt.

<TicTacToeScreenCut/5.png, id=2076, 522.95375pt x 252.945pt>
File: TicTacToeScreenCut/5.png Graphic file (type png)

<use TicTacToeScreenCut/5.png>
Package pdftex.def Info: TicTacToeScreenCut/5.png used on input line 106.
(pdftex.def)             Requested size: 198.72449pt x 96.12009pt.

<TicTacToeScreenCut/6.png, id=2077, 522.95375pt x 252.945pt>
File: TicTacToeScreenCut/6.png Graphic file (type png)

<use TicTacToeScreenCut/6.png>
Package pdftex.def Info: TicTacToeScreenCut/6.png used on input line 110.
(pdftex.def)             Requested size: 198.72449pt x 96.12009pt.

<TicTacToeScreenCut/7.png, id=2078, 522.95375pt x 252.945pt>
File: TicTacToeScreenCut/7.png Graphic file (type png)

<use TicTacToeScreenCut/7.png>
Package pdftex.def Info: TicTacToeScreenCut/7.png used on input line 114.
(pdftex.def)             Requested size: 198.72449pt x 96.12009pt.

<TicTacToeScreenCut/8.png, id=2079, 377.41pt x 282.05376pt>
File: TicTacToeScreenCut/8.png Graphic file (type png)

<use TicTacToeScreenCut/8.png>
Package pdftex.def Info: TicTacToeScreenCut/8.png used on input line 118.
(pdftex.def)             Requested size: 143.41728pt x 107.18153pt.
 [71] [72 <./TicTacToeScreenCut/0.png> <./TicTacToeScreenCut/1.png> <./TicTacTo
eScreenCut/2.png> <./TicTacToeScreenCut/3.png> <./TicTacToeScreenCut/4.png> <./
TicTacToeScreenCut/5.png> <./TicTacToeScreenCut/6.png> <./TicTacToeScreenCut/7.
png> <./TicTacToeScreenCut/8.png>]

LaTeX Warning: Float too large for page by 6.1052pt on input line 243.

LaTeX Font Info:    Try loading font information for OMS+pxtt on input line 328
.
LaTeX Font Info:    No file OMSpxtt.fd. on input line 328.

LaTeX Font Warning: Font shape `OMS/pxtt/m/n' undefined
(Font)              using `OMS/pxsy/m/n' instead
(Font)              for symbol `textbraceleft' on input line 328.

[73] [74] [75] [76] [77]

LaTeX Warning: Float too large for page by 6.1052pt on input line 472.

[78] [79] <Pictures/ATM_FSM.png, id=2397, 678.535pt x 841.1425pt>
File: Pictures/ATM_FSM.png Graphic file (type png)

<use Pictures/ATM_FSM.png>
Package pdftex.def Info: Pictures/ATM_FSM.png used on input line 531.
(pdftex.def)             Requested size: 409.43298pt x 507.54541pt.
 [80] [81 <./Pictures/ATM_FSM.png>]
<Pictures/ElevatorController.png, id=2414, 497.86pt x 739.65222pt>
File: Pictures/ElevatorController.png Graphic file (type png)

<use Pictures/ElevatorController.png>
Package pdftex.def Info: Pictures/ElevatorController.png used on input line 560
.
(pdftex.def)             Requested size: 341.63979pt x 507.54541pt.
 [82] [83 <./Pictures/ElevatorController.png>] [84]
Underfull \hbox (badness 2452) in paragraph at lines 724--724
[]|\OT1/pxr/m/n/12 EnMAS [[]Doyle and Allen[],
 []


Overfull \hbox (25.69128pt too wide) in paragraph at lines 673--736
[][] 
 []

<Expressiveness/Expressiveness1.png, id=2485, 642.4pt x 481.8pt>
File: Expressiveness/Expressiveness1.png Graphic file (type png)

<use Expressiveness/Expressiveness1.png>
Package pdftex.def Info: Expressiveness/Expressiveness1.png used on input line 
744.
(pdftex.def)             Requested size: 205.5722pt x 154.17914pt.

<Expressiveness/Expressiveness2.png, id=2486, 642.4pt x 481.8pt>
File: Expressiveness/Expressiveness2.png Graphic file (type png)

<use Expressiveness/Expressiveness2.png>
Package pdftex.def Info: Expressiveness/Expressiveness2.png used on input line 
747.
(pdftex.def)             Requested size: 205.5722pt x 154.17914pt.

Overfull \hbox (9.93924pt too wide) in paragraph at lines 744--748
 [][][] 
 []


LaTeX Warning: `h' float specifier changed to `ht'.

[85] [86]
Overfull \hbox (14.3025pt too wide) in paragraph at lines 783--788
\OT1/pxr/m/n/12 bench-marks [[]TechEmpower, Inc.[], []2013[]] checks the max-i-
mum through-put achieved
 []

[87 <./Expressiveness/Expressiveness1.png> <./Expressiveness/Expressiveness2.pn
g>] (/usr/share/texlive/texmf-dist/tex/latex/listings/lstlang1.sty
File: lstlang1.sty 2004/09/05 1.3 listings language file
)
(/usr/share/texlive/texmf-dist/tex/latex/listings/lstmisc.sty
File: lstmisc.sty 2007/02/22 1.4 (Carsten Heinz)
)
Package hyperref Info: bookmark level for unknown lstlisting defaults to 0 on i
nput line 805.

(./code/json_request) (./code/json_response) [88]
<Play_throughput.png, id=2569, 642.4pt x 481.8pt>
File: Play_throughput.png Graphic file (type png)
 <use Play_throughput.png>
Package pdftex.def Info: Play_throughput.png used on input line 867.
(pdftex.def)             Requested size: 205.5722pt x 154.17914pt.

<Socko_throughput.png, id=2570, 642.4pt x 481.8pt>
File: Socko_throughput.png Graphic file (type png)
 <use Socko_throughput.png>
Package pdftex.def Info: Socko_throughput.png used on input line 871.
(pdftex.def)             Requested size: 205.5722pt x 154.17914pt.

Overfull \hbox (9.93924pt too wide) in paragraph at lines 867--872
 [][][] 
 []

[89 <./Play_throughput.png> <./Socko_throughput.png>]
<efficiency/Actor_Construction.png, id=2583, 642.4pt x 481.8pt>
File: efficiency/Actor_Construction.png Graphic file (type png)

<use efficiency/Actor_Construction.png>
Package pdftex.def Info: efficiency/Actor_Construction.png used on input line 9
07.
(pdftex.def)             Requested size: 385.44298pt x 289.08221pt.
 [90 <./efficiency/Actor_Construction.png>]
Overfull \hbox (3.47107pt too wide) in paragraph at lines 941--948
[]\OT1/pxr/m/n/12 All BenchErl ex-am-ples are im-ple-mented in a sim-i-lar stru
c-ture. Each BenchErl
 []

[91] [92] [93] [94] [95] [96] [97] [98]
<efficiency/Bang_time.png, id=2689, 642.4pt x 481.8pt>
File: efficiency/Bang_time.png Graphic file (type png)

<use efficiency/Bang_time.png>
Package pdftex.def Info: efficiency/Bang_time.png used on input line 1310.
(pdftex.def)             Requested size: 199.14194pt x 149.35645pt.

<efficiency/Bang_speedup.png, id=2690, 642.4pt x 481.8pt>
File: efficiency/Bang_speedup.png Graphic file (type png)

<use efficiency/Bang_speedup.png>
Package pdftex.def Info: efficiency/Bang_speedup.png used on input line 1314.
(pdftex.def)             Requested size: 199.14194pt x 149.35645pt.

<efficiency/Big_time.png, id=2691, 642.4pt x 481.8pt>
File: efficiency/Big_time.png Graphic file (type png)

<use efficiency/Big_time.png>
Package pdftex.def Info: efficiency/Big_time.png used on input line 1318.
(pdftex.def)             Requested size: 199.14194pt x 149.35645pt.

<efficiency/Big_speedup.png, id=2692, 642.4pt x 481.8pt>
File: efficiency/Big_speedup.png Graphic file (type png)

<use efficiency/Big_speedup.png>
Package pdftex.def Info: efficiency/Big_speedup.png used on input line 1322.
(pdftex.def)             Requested size: 199.14194pt x 149.35645pt.

<efficiency/EHB_time.png, id=2693, 642.4pt x 481.8pt>
File: efficiency/EHB_time.png Graphic file (type png)

<use efficiency/EHB_time.png>
Package pdftex.def Info: efficiency/EHB_time.png used on input line 1326.
(pdftex.def)             Requested size: 199.14194pt x 149.35645pt.

<efficiency/EHB_speedup.png, id=2694, 642.4pt x 481.8pt>
File: efficiency/EHB_speedup.png Graphic file (type png)

<use efficiency/EHB_speedup.png>
Package pdftex.def Info: efficiency/EHB_speedup.png used on input line 1330.
(pdftex.def)             Requested size: 199.14194pt x 149.35645pt.

<efficiency/GenStress_time.png, id=2695, 642.4pt x 481.8pt>
File: efficiency/GenStress_time.png Graphic file (type png)

<use efficiency/GenStress_time.png>
Package pdftex.def Info: efficiency/GenStress_time.png used on input line 1341.

(pdftex.def)             Requested size: 199.14194pt x 149.35645pt.

<efficiency/GenStress_speedup.png, id=2696, 642.4pt x 481.8pt>
File: efficiency/GenStress_speedup.png Graphic file (type png)

<use efficiency/GenStress_speedup.png>
Package pdftex.def Info: efficiency/GenStress_speedup.png used on input line 13
45.
(pdftex.def)             Requested size: 199.14194pt x 149.35645pt.

<efficiency/MBrot_time.png, id=2697, 642.4pt x 481.8pt>
File: efficiency/MBrot_time.png Graphic file (type png)

<use efficiency/MBrot_time.png>
Package pdftex.def Info: efficiency/MBrot_time.png used on input line 1349.
(pdftex.def)             Requested size: 199.14194pt x 149.35645pt.

<efficiency/MBrot_speedup.png, id=2698, 642.4pt x 481.8pt>
File: efficiency/MBrot_speedup.png Graphic file (type png)

<use efficiency/MBrot_speedup.png>
Package pdftex.def Info: efficiency/MBrot_speedup.png used on input line 1353.
(pdftex.def)             Requested size: 199.14194pt x 149.35645pt.

<efficiency/Parallel_time.png, id=2699, 642.4pt x 481.8pt>
File: efficiency/Parallel_time.png Graphic file (type png)

<use efficiency/Parallel_time.png>
Package pdftex.def Info: efficiency/Parallel_time.png used on input line 1357.
(pdftex.def)             Requested size: 199.14194pt x 149.35645pt.

<efficiency/Parallel_speedup.png, id=2700, 642.4pt x 481.8pt>
File: efficiency/Parallel_speedup.png Graphic file (type png)

<use efficiency/Parallel_speedup.png>
Package pdftex.def Info: efficiency/Parallel_speedup.png used on input line 136
1.
(pdftex.def)             Requested size: 199.14194pt x 149.35645pt.

<efficiency/RAN_time.png, id=2701, 642.4pt x 481.8pt>
File: efficiency/RAN_time.png Graphic file (type png)

<use efficiency/RAN_time.png>
Package pdftex.def Info: efficiency/RAN_time.png used on input line 1372.
(pdftex.def)             Requested size: 199.14194pt x 149.35645pt.

<efficiency/RAN_speedup.png, id=2702, 642.4pt x 481.8pt>
File: efficiency/RAN_speedup.png Graphic file (type png)

<use efficiency/RAN_speedup.png>
Package pdftex.def Info: efficiency/RAN_speedup.png used on input line 1376.
(pdftex.def)             Requested size: 199.14194pt x 149.35645pt.

<efficiency/SerialMsg_time.png, id=2703, 642.4pt x 481.8pt>
File: efficiency/SerialMsg_time.png Graphic file (type png)

<use efficiency/SerialMsg_time.png>
Package pdftex.def Info: efficiency/SerialMsg_time.png used on input line 1380.

(pdftex.def)             Requested size: 199.14194pt x 149.35645pt.

<efficiency/SerialMsg_speedup.png, id=2704, 642.4pt x 481.8pt>
File: efficiency/SerialMsg_speedup.png Graphic file (type png)

<use efficiency/SerialMsg_speedup.png>
Package pdftex.def Info: efficiency/SerialMsg_speedup.png used on input line 13
84.
(pdftex.def)             Requested size: 199.14194pt x 149.35645pt.
 [99] [100 <./efficiency/Bang_time.png> <./efficiency/Bang_speedup.png> <./effi
ciency/Big_time.png> <./efficiency/Big_speedup.png> <./efficiency/EHB_time.png>
 <./efficiency/EHB_speedup.png>] [101 <./efficiency/GenStress_time.png> <./effi
ciency/GenStress_speedup.png> <./efficiency/MBrot_time.png> <./efficiency/MBrot
_speedup.png> <./efficiency/Parallel_time.png> <./efficiency/Parallel_speedup.p
ng>] [102 <./efficiency/RAN_time.png> <./efficiency/RAN_speedup.png> <./efficie
ncy/SerialMsg_time.png> <./efficiency/SerialMsg_speedup.png>] <efficiency/Fib20
_time.png, id=2763, 642.4pt x 481.8pt>
File: efficiency/Fib20_time.png Graphic file (type png)

<use efficiency/Fib20_time.png>
Package pdftex.def Info: efficiency/Fib20_time.png used on input line 1436.
(pdftex.def)             Requested size: 199.14194pt x 149.35645pt.

<efficiency/Fib20_speedup.png, id=2764, 642.4pt x 481.8pt>
File: efficiency/Fib20_speedup.png Graphic file (type png)

<use efficiency/Fib20_speedup.png>
Package pdftex.def Info: efficiency/Fib20_speedup.png used on input line 1440.
(pdftex.def)             Requested size: 199.14194pt x 149.35645pt.

<efficiency/Fib30_time.png, id=2765, 642.4pt x 481.8pt>
File: efficiency/Fib30_time.png Graphic file (type png)

<use efficiency/Fib30_time.png>
Package pdftex.def Info: efficiency/Fib30_time.png used on input line 1444.
(pdftex.def)             Requested size: 199.14194pt x 149.35645pt.

<efficiency/Fib30_speedup.png, id=2766, 642.4pt x 481.8pt>
File: efficiency/Fib30_speedup.png Graphic file (type png)

<use efficiency/Fib30_speedup.png>
Package pdftex.def Info: efficiency/Fib30_speedup.png used on input line 1448.
(pdftex.def)             Requested size: 199.14194pt x 149.35645pt.

<efficiency/Fib40_time.png, id=2767, 642.4pt x 481.8pt>
File: efficiency/Fib40_time.png Graphic file (type png)

<use efficiency/Fib40_time.png>
Package pdftex.def Info: efficiency/Fib40_time.png used on input line 1452.
(pdftex.def)             Requested size: 199.14194pt x 149.35645pt.

<efficiency/Fib40_speedup.png, id=2768, 642.4pt x 481.8pt>
File: efficiency/Fib40_speedup.png Graphic file (type png)

<use efficiency/Fib40_speedup.png>
Package pdftex.def Info: efficiency/Fib40_speedup.png used on input line 1456.
(pdftex.def)             Requested size: 199.14194pt x 149.35645pt.

<efficiency/MBrot10_time.png, id=2769, 642.4pt x 481.8pt>
File: efficiency/MBrot10_time.png Graphic file (type png)

<use efficiency/MBrot10_time.png>
Package pdftex.def Info: efficiency/MBrot10_time.png used on input line 1469.
(pdftex.def)             Requested size: 199.14194pt x 149.35645pt.

<efficiency/MBrot10_speedup.png, id=2770, 642.4pt x 481.8pt>
File: efficiency/MBrot10_speedup.png Graphic file (type png)

<use efficiency/MBrot10_speedup.png>
Package pdftex.def Info: efficiency/MBrot10_speedup.png used on input line 1473
.
(pdftex.def)             Requested size: 199.14194pt x 149.35645pt.

<efficiency/MBrot1000_time.png, id=2771, 642.4pt x 481.8pt>
File: efficiency/MBrot1000_time.png Graphic file (type png)

<use efficiency/MBrot1000_time.png>
Package pdftex.def Info: efficiency/MBrot1000_time.png used on input line 1477.

(pdftex.def)             Requested size: 199.14194pt x 149.35645pt.

<efficiency/MBrot1000_speedup.png, id=2772, 642.4pt x 481.8pt>
File: efficiency/MBrot1000_speedup.png Graphic file (type png)

<use efficiency/MBrot1000_speedup.png>
Package pdftex.def Info: efficiency/MBrot1000_speedup.png used on input line 14
81.
(pdftex.def)             Requested size: 199.14194pt x 149.35645pt.
File: efficiency/MBrot_time.png Graphic file (type png)
 <use efficiency/MBrot_time.png>
Package pdftex.def Info: efficiency/MBrot_time.png used on input line 1485.
(pdftex.def)             Requested size: 199.14194pt x 149.35645pt.
File: efficiency/MBrot_speedup.png Graphic file (type png)

<use efficiency/MBrot_speedup.png>
Package pdftex.def Info: efficiency/MBrot_speedup.png used on input line 1489.
(pdftex.def)             Requested size: 199.14194pt x 149.35645pt.
 [103] [104 <./efficiency/Fib20_time.png> <./efficiency/Fib20_speedup.png> <./e
fficiency/Fib30_time.png> <./efficiency/Fib30_speedup.png> <./efficiency/Fib40_
time.png> <./efficiency/Fib40_speedup.png>]
[105 <./efficiency/MBrot10_time.png> <./efficiency/MBrot10_speedup.png> <./effi
ciency/MBrot1000_time.png> <./efficiency/MBrot1000_speedup.png>]
<efficiency/NQueens_time.png, id=2821, 642.4pt x 481.8pt>
File: efficiency/NQueens_time.png Graphic file (type png)

<use efficiency/NQueens_time.png>
Package pdftex.def Info: efficiency/NQueens_time.png used on input line 1541.
(pdftex.def)             Requested size: 192.72148pt x 144.5411pt.

<efficiency/NQueens_speedup.png, id=2822, 642.4pt x 481.8pt>
File: efficiency/NQueens_speedup.png Graphic file (type png)

<use efficiency/NQueens_speedup.png>
Package pdftex.def Info: efficiency/NQueens_speedup.png used on input line 1545
.
(pdftex.def)             Requested size: 192.72148pt x 144.5411pt.
 [106 <./efficiency/NQueens_time.png> <./efficiency/NQueens_speedup.png>] [107]


LaTeX Warning: Float too large for page by 6.1052pt on input line 1707.


Overfull \hbox (7.25992pt too wide) in paragraph at lines 1724--1742
\OT1/pxr/m/n/12 view mas-ter records all replies in a hash map from \OT1/pxtt/m
/n/12 Date \OT1/pxr/m/n/12 to \OT1/pxtt/m/n/12 TreeSet[NodeRecord]\OT1/pxr/m/n/
12 ,
 []

[108] [109] <Tree1.png, id=2918, 474.27188pt x 322.95656pt>
File: Tree1.png Graphic file (type png)
 <use Tree1.png>
Package pdftex.def Info: Tree1.png used on input line 1783.
(pdftex.def)             Requested size: 284.56532pt x 193.77542pt.

<Tree2.png, id=2919, 474.27188pt x 322.95656pt>
File: Tree2.png Graphic file (type png)
 <use Tree2.png>
Package pdftex.def Info: Tree2.png used on input line 1787.
(pdftex.def)             Requested size: 284.56532pt x 193.77542pt.

<Tree3.png, id=2920, 474.27188pt x 322.95656pt>
File: Tree3.png Graphic file (type png)
 <use Tree3.png>
Package pdftex.def Info: Tree3.png used on input line 1791.
(pdftex.def)             Requested size: 284.56532pt x 193.77542pt.


LaTeX Warning: Float too large for page by 14.15956pt on input line 1795.

[110] [111 <./Tree1.png> <./Tree2.png> <./Tree3.png>] [112]) (./summary.tex
[113]
Chapter 6.
[114

] [115] [116]
Chapter 7.
[117

] [118]) (./Jiansen.bbl [119]
Underfull \hbox (badness 10000) in paragraph at lines 24--28
[]\OT1/pxr/m/n/12 Amazon.com, Inc. (2013b).  Elas-tic Load Bal-anc-ing.
 []

[120

] [121] [122] [123]
Underfull \hbox (badness 10000) in paragraph at lines 347--351
[]\OT1/pxr/m/n/12 Typesafe Inc. (a) (2012).  Akka API: Re-lease 2.0.2.
 []


Underfull \hbox (badness 6428) in paragraph at lines 353--357
[]\OT1/pxr/m/n/12 Typesafe Inc. (b) (2012).  Akka Doc-u-men-ta-tion: Re-lease 2
.0.2.
 []


Underfull \hbox (badness 10000) in paragraph at lines 359--363
[]\OT1/pxr/m/n/12 Typesafe Inc. (c) (2013).  Play 2.2 doc-u-men-ta-tion.
 []


Underfull \hbox (badness 10000) in paragraph at lines 359--363
\OT1/pxr/m/n/12 http://www.playframework.com/documentation/2.2-SNAPSHOT/Home.
 []

[124]
Underfull \hbox (badness 4229) in paragraph at lines 411--415
[]\OT1/pxr/m/n/12 Zhang, Y. (2008).  Hack-bench.  http://people.redhat.com/ming
o/cfs-
 []

) [125]
Package atveryend Info: Empty hook `BeforeClearDocument' on input line 191.
Package atveryend Info: Empty hook `AfterLastShipout' on input line 191.
 (./Jiansen.aux)
Package atveryend Info: Executing hook `AtVeryEndDocument' on input line 191.
Package atveryend Info: Executing hook `AtEndAfterFileList' on input line 191.
Package rerunfilecheck Info: File `Jiansen.out' has not changed.
(rerunfilecheck)             Checksum: B612C6BD1DEDA11707DBB5E54952EFA0;2891.


LaTeX Font Warning: Some font shapes were not available, defaults substituted.


LaTeX Warning: There were multiply-defined labels.

Package atveryend Info: Empty hook `AtVeryVeryEnd' on input line 191.
 ) 
Here is how much of TeX's memory you used:
 13237 strings out of 493485
 196049 string characters out of 3143527
 464739 words of memory out of 3000000
 14363 multiletter control sequences out of 15000+200000
 36287 words of font info for 101 fonts, out of 3000000 for 9000
 957 hyphenation exceptions out of 8191
 36i,16n,49p,242b,1446s stack positions out of 5000i,500n,10000p,200000b,50000s
{/usr/share/texlive/texmf-dist/fonts/enc/dvips/base/8r.enc}</usr/share/texliv
e/texmf-dist/fonts/type1/public/pxfonts/pxex.pfb></usr/share/texlive/texmf-dist
/fonts/type1/public/pxfonts/pxsy.pfb></usr/share/texlive/texmf-dist/fonts/type1
/public/pxfonts/rpxb.pfb></usr/share/texlive/texmf-dist/fonts/type1/public/pxfo
nts/rpxmi.pfb></usr/share/texlive/texmf-dist/fonts/type1/public/pxfonts/rpxr.pf
b></usr/share/texlive/texmf-dist/fonts/type1/public/txfonts/txbtt.pfb></usr/sha
re/texlive/texmf-dist/fonts/type1/public/txfonts/txtt.pfb></usr/share/texlive/t
exmf-dist/fonts/type1/urw/palatino/uplb8a.pfb></usr/share/texlive/texmf-dist/fo
nts/type1/urw/palatino/uplr8a.pfb></usr/share/texlive/texmf-dist/fonts/type1/ur
w/palatino/uplr8a.pfb></usr/share/texlive/texmf-dist/fonts/type1/urw/palatino/u
plri8a.pfb>
Output written on Jiansen.pdf (131 pages, 913539 bytes).
PDF statistics:
 3516 PDF objects out of 3580 (max. 8388607)
 3247 compressed objects within 33 object streams
 1911 named destinations out of 2073 (max. 500000)
 556 words of extra memory for PDF output out of 10000 (max. 10000000)

