This is pdfTeX, Version 3.1415926-1.40.10 (TeX Live 2009/Debian) (format=pdflatex 2011.10.18)  28 JAN 2012 13:52
entering extended mode
 %&-line parsing enabled.
**report.tex
(./report.tex
LaTeX2e <2009/09/24>
Babel <v3.8l> and hyphenation patterns for english, usenglishmax, dumylang, noh
yphenation, loaded.
(/home/jiansen/texmf/tex/latex/informatics/inftechrep/inftechrep.cls
Document Class: inftechrep 2002/10/11 v1.01 Informatics Technical Report Class
(./informaticsopt.clo) (./infcopyright.clo) (./informaticsdef.clo)
(/home/jiansen/texmf/tex/latex/base/article.cls
Document Class: article 2005/09/16 v1.4f Standard LaTeX document class
(/home/jiansen/texmf/tex/latex/base/size10.clo
File: size10.clo 2005/09/16 v1.4f Standard LaTeX file (size option)
)
\c@part=\count79
\c@section=\count80
\c@subsection=\count81
\c@subsubsection=\count82
\c@paragraph=\count83
\c@subparagraph=\count84
\c@figure=\count85
\c@table=\count86
\abovecaptionskip=\skip41
\belowcaptionskip=\skip42
\bibindent=\dimen102
)
(/home/jiansen/texmf/tex/latex/ltxmisc/a4wide.sty
Package: a4wide 1994/08/30

(/home/jiansen/texmf/tex/latex/ntgclass/a4.sty
Package: a4 2004/04/15 v1.2g A4 based page layout
))
(/home/jiansen/texmf/tex/latex/base/ifthen.sty
Package: ifthen 2001/05/26 v1.1c Standard LaTeX ifthen package (DPC)
)
(/home/jiansen/texmf/tex/latex/graphics/graphics.sty
Package: graphics 2006/02/20 v1.0o Standard LaTeX Graphics (DPC,SPQR)

(/home/jiansen/texmf/tex/latex/graphics/trig.sty
Package: trig 1999/03/16 v1.09 sin cos tan (DPC)
)
(/home/jiansen/texmf/tex/latex/config/graphics.cfg
File: graphics.cfg 2007/01/18 v1.5 graphics configuration of teTeX/TeXLive
)
Package graphics Info: Driver file: pdftex.def on input line 90.

(/home/jiansen/texmf/tex/latex/pdftex-def/pdftex.def
File: pdftex.def 2007/01/08 v0.04d Graphics/color for pdfTeX
\Gread@gobject=\count87
)) (./eushield.sty
Package: eushield 2006/08/28\ v1.1\ Commands for including the EU shield graphi
c

(/home/jiansen/texmf/tex/generic/oberdiek/ifpdf.sty
Package: ifpdf 2006/02/20 v1.4 Provides the ifpdf switch (HO)
Package ifpdf Info: pdfTeX in pdf mode detected.
)))
(/home/jiansen/texmf/tex/latex/graphics/graphicx.sty
Package: graphicx 1999/02/16 v1.0f Enhanced LaTeX Graphics (DPC,SPQR)

(/home/jiansen/texmf/tex/latex/graphics/keyval.sty
Package: keyval 1999/03/16 v1.13 key=value parser (DPC)
\KV@toks@=\toks14
)
\Gin@req@height=\dimen103
\Gin@req@width=\dimen104
)
(/home/jiansen/texmf/tex/latex/ltxmisc/url.sty
\Urlmuskip=\muskip10
Package: url 2005/06/27  ver 3.2  Verb mode for urls, etc.
)
(/home/jiansen/texmf/tex/latex/paralist/paralist.sty
Package: paralist 2002/03/18 v2.3b Extended list environments (BS)
\pltopsep=\skip43
\plpartopsep=\skip44
\plitemsep=\skip45
\plparsep=\skip46
\pl@lab=\toks15
)
(/home/jiansen/texmf/tex/latex/hyperref/hyperref.sty
Package: hyperref 2007/02/07 v6.75r Hypertext links for LaTeX
\@linkdim=\dimen105
\Hy@linkcounter=\count88
\Hy@pagecounter=\count89

(/home/jiansen/texmf/tex/latex/hyperref/pd1enc.def
File: pd1enc.def 2007/02/07 v6.75r Hyperref: PDFDocEncoding definition (HO)
)
(/home/jiansen/texmf/tex/latex/config/hyperref.cfg
File: hyperref.cfg 2002/06/06 v1.2 hyperref configuration of TeXLive
)
(/home/jiansen/texmf/tex/latex/oberdiek/kvoptions.sty
Package: kvoptions 2006/08/22 v2.4 Connects package keyval with LaTeX options (
HO)
)
Package hyperref Info: Hyper figures OFF on input line 2288.
Package hyperref Info: Link nesting OFF on input line 2293.
Package hyperref Info: Hyper index ON on input line 2296.
Package hyperref Info: Plain pages OFF on input line 2303.
Package hyperref Info: Backreferencing OFF on input line 2308.

Implicit mode ON; LaTeX internals redefined
Package hyperref Info: Bookmarks ON on input line 2444.
LaTeX Info: Redefining \href on input line 2586.
LaTeX Info: Redefining \url on input line 2599.
\Fld@menulength=\count90
\Field@Width=\dimen106
\Fld@charsize=\dimen107
\Choice@toks=\toks16
\Field@toks=\toks17
Package hyperref Info: Hyper figures OFF on input line 3102.
Package hyperref Info: Link nesting OFF on input line 3107.
Package hyperref Info: Hyper index ON on input line 3110.
Package hyperref Info: backreferencing OFF on input line 3117.
Package hyperref Info: Link coloring OFF on input line 3122.
\Hy@abspage=\count91
\c@Item=\count92
\c@Hfootnote=\count93
)
*hyperref using default driver hpdftex*
(/home/jiansen/texmf/tex/latex/hyperref/hpdftex.def
File: hpdftex.def 2007/02/07 v6.75r Hyperref driver for pdfTeX
\Fld@listcount=\count94
)
(/home/jiansen/texmf/tex/latex/oberdiek/hypcap.sty
Package: hypcap 2006/02/20 v1.5 Adjusting anchors of captions (HO)
)
(/home/jiansen/texmf/tex/latex/tools/verbatim.sty
Package: verbatim 2003/08/22 v1.5q LaTeX2e package for verbatim enhancements
\every@verbatim=\toks18
\verbatim@line=\toks19
\verbatim@in@stream=\read1
)
(/home/jiansen/texmf/tex/latex/amsfonts/amssymb.sty
Package: amssymb 2002/01/22 v2.2d

(/home/jiansen/texmf/tex/latex/amsfonts/amsfonts.sty
Package: amsfonts 2001/10/25 v2.2f
\@emptytoks=\toks20
\symAMSa=\mathgroup4
\symAMSb=\mathgroup5
LaTeX Font Info:    Overwriting math alphabet `\mathfrak' in version `bold'
(Font)                  U/euf/m/n --> U/euf/b/n on input line 132.
))
(/home/jiansen/texmf/tex/latex/amsmath/amsmath.sty
Package: amsmath 2000/07/18 v2.13 AMS math features
\@mathmargin=\skip47

For additional information on amsmath, use the `?' option.
(/home/jiansen/texmf/tex/latex/amsmath/amstext.sty
Package: amstext 2000/06/29 v2.01

(/home/jiansen/texmf/tex/latex/amsmath/amsgen.sty
File: amsgen.sty 1999/11/30 v2.0
\@emptytoks=\toks21
\ex@=\dimen108
))
(/home/jiansen/texmf/tex/latex/amsmath/amsbsy.sty
Package: amsbsy 1999/11/29 v1.2d
\pmbraise@=\dimen109
)
(/home/jiansen/texmf/tex/latex/amsmath/amsopn.sty
Package: amsopn 1999/12/14 v2.01 operator names
)
\inf@bad=\count95
LaTeX Info: Redefining \frac on input line 211.
\uproot@=\count96
\leftroot@=\count97
LaTeX Info: Redefining \overline on input line 307.
\classnum@=\count98
\DOTSCASE@=\count99
LaTeX Info: Redefining \ldots on input line 379.
LaTeX Info: Redefining \dots on input line 382.
LaTeX Info: Redefining \cdots on input line 467.
\Mathstrutbox@=\box26
\strutbox@=\box27
\big@size=\dimen110
LaTeX Font Info:    Redeclaring font encoding OML on input line 567.
LaTeX Font Info:    Redeclaring font encoding OMS on input line 568.
\macc@depth=\count100
\c@MaxMatrixCols=\count101
\dotsspace@=\muskip11
\c@parentequation=\count102
\dspbrk@lvl=\count103
\tag@help=\toks22
\row@=\count104
\column@=\count105
\maxfields@=\count106
\andhelp@=\toks23
\eqnshift@=\dimen111
\alignsep@=\dimen112
\tagshift@=\dimen113
\tagwidth@=\dimen114
\totwidth@=\dimen115
\lineht@=\dimen116
\@envbody=\toks24
\multlinegap=\skip48
\multlinetaggap=\skip49
\mathdisplay@stack=\toks25
LaTeX Info: Redefining \[ on input line 2666.
LaTeX Info: Redefining \] on input line 2667.
)
(/home/jiansen/texmf/tex/latex/amscls/amsthm.sty
Package: amsthm 2004/08/06 v2.20
\thm@style=\toks26
\thm@bodyfont=\toks27
\thm@headfont=\toks28
\thm@notefont=\toks29
\thm@headpunct=\toks30
\thm@preskip=\skip50
\thm@postskip=\skip51
\thm@headsep=\skip52
\dth@everypar=\toks31
)
(/home/jiansen/texmf/tex/latex/algorithms/algorithmic.sty
Package: algorithmic 2006/06/02

Document Style `algorithmic' - environment
(/home/jiansen/texmf/tex/latex/tools/calc.sty
Package: calc 2005/08/06 v4.2 Infix arithmetic (KKT,FJ)
\calc@Acount=\count107
\calc@Bcount=\count108
\calc@Adimen=\dimen117
\calc@Bdimen=\dimen118
\calc@Askip=\skip53
\calc@Bskip=\skip54
LaTeX Info: Redefining \setlength on input line 75.
LaTeX Info: Redefining \addtolength on input line 76.
\calc@Ccount=\count109
\calc@Cskip=\skip55
)
\c@ALC@line=\count110
\c@ALC@rem=\count111
\c@ALC@depth=\count112
\ALC@tlm=\skip56
\algorithmicindent=\skip57
)
(/home/jiansen/texmf/tex/latex/algorithms/algorithm.sty
Package: algorithm 

Document Style `algorithm' - floating environment
(/home/jiansen/texmf/tex/latex/float/float.sty
Package: float 2001/11/08 v1.3d Float enhancements (AL)
\c@float@type=\count113
\float@exts=\toks32
\float@box=\box28
\@float@everytoks=\toks33
\@floatcapt=\box29
)
\@float@every@algorithm=\toks34
\c@algorithm=\count114
)
(/home/jiansen/texmf/tex/latex/listings/listings.sty
\lst@mode=\count115
\lst@gtempboxa=\box30
\lst@token=\toks35
\lst@length=\count116
\lst@currlwidth=\dimen119
\lst@column=\count117
\lst@pos=\count118
\lst@lostspace=\dimen120
\lst@width=\dimen121
\lst@newlines=\count119
\lst@lineno=\count120
\c@lstlisting=\count121
\lst@maxwidth=\dimen122

(/home/jiansen/texmf/tex/latex/listings/lstpatch.sty
File: lstpatch.sty 2004/10/17 1.3b (Carsten Heinz)
)
(/home/jiansen/texmf/tex/latex/listings/lstmisc.sty
File: lstmisc.sty 2004/09/07 1.3 (Carsten Heinz)
\c@lstnumber=\count122
\lst@skipnumbers=\count123
\lst@framebox=\box31
)
(/home/jiansen/texmf/tex/latex/listings/listings.cfg
File: listings.cfg 2004/09/05 1.3 listings configuration
))
Package: listings 2004/10/17 1.3b (Carsten Heinz)
 (./report.aux
(./lib_manual.aux))
\openout1 = `report.aux'.

LaTeX Font Info:    Checking defaults for OML/cmm/m/it on input line 29.
LaTeX Font Info:    ... okay on input line 29.
LaTeX Font Info:    Checking defaults for T1/cmr/m/n on input line 29.
LaTeX Font Info:    ... okay on input line 29.
LaTeX Font Info:    Checking defaults for OT1/cmr/m/n on input line 29.
LaTeX Font Info:    ... okay on input line 29.
LaTeX Font Info:    Checking defaults for OMS/cmsy/m/n on input line 29.
LaTeX Font Info:    ... okay on input line 29.
LaTeX Font Info:    Checking defaults for OMX/cmex/m/n on input line 29.
LaTeX Font Info:    ... okay on input line 29.
LaTeX Font Info:    Checking defaults for U/cmr/m/n on input line 29.
LaTeX Font Info:    ... okay on input line 29.
LaTeX Font Info:    Checking defaults for PD1/pdf/m/n on input line 29.
LaTeX Font Info:    ... okay on input line 29.
 (/home/jiansen/texmf/tex/context/base/supp-pdf.tex
[Loading MPS to PDF converter (version 2006.09.02).]
\scratchcounter=\count124
\scratchdimen=\dimen123
\scratchbox=\box32
\nofMPsegments=\count125
\nofMParguments=\count126
\MPscratchCnt=\count127
\MPscratchDim=\dimen124
\MPnumerator=\count128
\everyMPtoPDFconversion=\toks36
)
Package hyperref Info: Link coloring OFF on input line 29.
 (/home/jiansen/texmf/tex/latex/hyperref/nameref.sty
Package: nameref 2006/12/27 v2.28 Cross-referencing by name of section

(/home/jiansen/texmf/tex/latex/oberdiek/refcount.sty
Package: refcount 2006/02/20 v3.0 Data extraction from references (HO)
)
\c@section@level=\count129
)
LaTeX Info: Redefining \ref on input line 29.
LaTeX Info: Redefining \pageref on input line 29.
 (./report.out)
(./report.out)
\@outlinefile=\write3
\openout3 = `report.out'.

\openout2 = `lib_manual.aux'.

 (./lib_manual.tex
LaTeX Font Info:    Try loading font information for U+msa on input line 9.

(/home/jiansen/texmf/tex/latex/amsfonts/umsa.fd
File: umsa.fd 2002/01/19 v2.2g AMS font definitions
)
LaTeX Font Info:    Try loading font information for U+msb on input line 9.

(/home/jiansen/texmf/tex/latex/amsfonts/umsb.fd
File: umsb.fd 2002/01/19 v2.2g AMS font definitions
)
LaTeX Font Info:    Font shape `OT1/cmtt/bx/n' in size <9> not available
(Font)              Font shape `OT1/cmtt/m/n' tried instead on input line 22.
 [1


{/home/jiansen/texmf/fonts/map/pdftex/updmap/pdftex.map}]

LaTeX Warning: Command \textless invalid in math mode on input line 45.

LaTeX Font Info:    Try loading font information for OML+cmr on input line 45.
(/home/jiansen/texmf/tex/latex/base/omlcmr.fd
File: omlcmr.fd 1999/05/25 v2.5h Standard LaTeX font definitions
)
LaTeX Font Info:    Font shape `OML/cmr/m/n' in size <10> not available
(Font)              Font shape `OML/cmm/m/it' tried instead on input line 45.


LaTeX Warning: Command \textless invalid in math mode on input line 45.


LaTeX Warning: Command \textgreater invalid in math mode on input line 45.


LaTeX Warning: Command \textgreater invalid in math mode on input line 45.


LaTeX Warning: Command \textless invalid in math mode on input line 45.


LaTeX Warning: Command \textless invalid in math mode on input line 45.


LaTeX Warning: Command \textgreater invalid in math mode on input line 45.


LaTeX Warning: Command \textgreater invalid in math mode on input line 45.


LaTeX Warning: Command \textless invalid in math mode on input line 45.


LaTeX Warning: Command \textless invalid in math mode on input line 45.


LaTeX Warning: Command \textgreater invalid in math mode on input line 45.


LaTeX Warning: Command \textgreater invalid in math mode on input line 45.


LaTeX Warning: Command \textless invalid in math mode on input line 45.


LaTeX Warning: Command \textless invalid in math mode on input line 45.


LaTeX Warning: Command \textgreater invalid in math mode on input line 45.


LaTeX Warning: Command \textgreater invalid in math mode on input line 45.

Package hyperref Info: bookmark level for unknown lstlisting defaults to 0 on i
nput line 49.
[2] [3] [4]
LaTeX Font Info:    Try loading font information for OMS+cmr on input line 214.

 (/home/jiansen/texmf/tex/latex/base/omscmr.fd
File: omscmr.fd 1999/05/25 v2.5h Standard LaTeX font definitions
)
LaTeX Font Info:    Font shape `OMS/cmr/m/n' in size <10> not available
(Font)              Font shape `OMS/cmsy/m/n' tried instead on input line 214.
 [5]
Overfull \hbox (5.38376pt too wide) in paragraph at lines 221--222
[][][][][][][][][][][][][][][][][][][][][][][][][][][][][][][][][] 
 []

[6]
Overfull \hbox (2.25238pt too wide) in paragraph at lines 287--288
[]$\OML/cmm/m/it/10 bandedName$\OT1/cmr/m/n/10 : a banded chan-nel name. If the
 cur-rent chan-nel is the same as the $\OML/cmm/m/it/10 bandedName$\OT1/cmr/m/n
/10 ,
 []


Overfull \hbox (23.33807pt too wide) in paragraph at lines 305--306
[][][][][][][][][][][][][][][][][][][][][][][][][][][][][][] 
 []


Overfull \hbox (47.43626pt too wide) in paragraph at lines 311--312
[][][][][][][][][][][][][][][][][][][][][][][][][][][][][][][][][][][][][][] 
 []

[7]
Overfull \hbox (23.33807pt too wide) in paragraph at lines 346--347
[][][][][][][][][][][][][][][][][][][][][][][][][][][][][][] 
 []


Overfull \hbox (79.56561pt too wide) in paragraph at lines 355--356
[][][][][][][][][][][][][][][][][][][][][][][][][][][][][][][][][][][][][][][][
][][][][] 
 []

[8]
Overfull \hbox (26.17328pt too wide) in paragraph at lines 391--392
[][][][][][][][][][][][][][][][][][][][][][][][][][][][][][][][][] 
 []


Overfull \hbox (33.73303pt too wide) in paragraph at lines 396--397
[][][][][][][][][][][][][][][][][][][][][][][][][][][][][][][][][][][][] 
 []


Overfull \hbox (33.73303pt too wide) in paragraph at lines 399--400
[][][][][][][][][][][][][][][][][][][][][][][][][][][][][][][][][][][][] 
 []


Overfull \hbox (6.32843pt too wide) in paragraph at lines 407--408
[][][][][][][][][][][][][][][][][][][][][][][][][][][][][][][] 
 []

[9] [10] [11] [12]) [13] (./report.bbl
Missing character: There is no â in font cmti10!
Missing character: There is no € in font cmti10!
Missing character: There is no “ in font cmti10!
) [14

] (./report.aux (./lib_manual.aux)) ) 
Here is how much of TeX's memory you used:
 6279 strings out of 495061
 83835 string characters out of 1182620
 158036 words of memory out of 3000000
 8929 multiletter control sequences out of 15000+50000
 9453 words of font info for 36 fonts, out of 3000000 for 9000
 28 hyphenation exceptions out of 8191
 29i,4n,40p,1174b,1018s stack positions out of 5000i,500n,10000p,200000b,50000s
</home/jiansen/texmf/fonts/type1/bluesky/c
m/cmbx10.pfb></home/jiansen/texmf/fonts/type1/bluesky/cm/cmbx12.pfb></home/jian
sen/texmf/fonts/type1/bluesky/cm/cmitt10.pfb></home/jiansen/texmf/fonts/type1/b
luesky/cm/cmmi10.pfb></home/jiansen/texmf/fonts/type1/bluesky/cm/cmr10.pfb></ho
me/jiansen/texmf/fonts/type1/bluesky/cm/cmr12.pfb></home/jiansen/texmf/fonts/ty
pe1/bluesky/cm/cmr17.pfb></home/jiansen/texmf/fonts/type1/bluesky/cm/cmsy10.pfb
></home/jiansen/texmf/fonts/type1/bluesky/cm/cmti10.pfb></home/jiansen/texmf/fo
nts/type1/bluesky/cm/cmtt9.pfb>
Output written on report.pdf (14 pages, 187622 bytes).
PDF statistics:
 661 PDF objects out of 1000 (max. 8388607)
 421 named destinations out of 1000 (max. 500000)
 137 words of extra memory for PDF output out of 10000 (max. 10000000)

