This is pdfTeX, Version 3.1415926-1.40.11 (TeX Live 2010) (format=pdflatex 2011.5.15)  15 MAY 2011 11:30
entering extended mode
 \write18 enabled.
 file:line:error style messages enabled.
 %&-line parsing enabled.
**appjoin.tex
(./appjoin.tex
LaTeX2e <2009/09/24>
Babel <v3.8l> and hyphenation patterns for english, dumylang, nohyphenation, ge
rman-x-2009-06-19, ngerman-x-2009-06-19, afrikaans, ancientgreek, ibycus, arabi
c, armenian, basque, bulgarian, catalan, pinyin, coptic, croatian, czech, danis
h, dutch, ukenglish, usenglishmax, esperanto, estonian, ethiopic, farsi, finnis
h, french, galician, german, ngerman, swissgerman, monogreek, greek, hungarian,
 icelandic, assamese, bengali, gujarati, hindi, kannada, malayalam, marathi, or
iya, panjabi, tamil, telugu, indonesian, interlingua, irish, italian, kurmanji,
 lao, latin, latvian, lithuanian, mongolian, mongolianlmc, bokmal, nynorsk, pol
ish, portuguese, romanian, russian, sanskrit, serbian, slovak, slovenian, spani
sh, swedish, turkish, turkmen, ukrainian, uppersorbian, welsh, loaded.
./appjoin.tex:1: Undefined control sequence.
l.1 \section
            {Join-calculus}
? 
./appjoin.tex:1: Emergency stop.
l.1 \section
            {Join-calculus}
End of file on the terminal!

 
Here is how much of TeX's memory you used:
 5 strings out of 493763
 126 string characters out of 3144954
 49091 words of memory out of 3000000
 3404 multiletter control sequences out of 15000+200000
 3640 words of font info for 14 fonts, out of 3000000 for 9000
 715 hyphenation exceptions out of 8191
 5i,0n,1p,37b,8s stack positions out of 5000i,500n,10000p,200000b,50000s
./appjoin.tex:1:  ==> Fatal error occurred, no output PDF file produced!
